


ARM Macro Assembler    Page 1 


    1 00000000         ;* File Name          : Startup_ACM32F4.s
    2 00000000         ;* Version            : V1.0.0
    3 00000000         ;* Date               : 2020
    4 00000000         ;* Description        : ACM32F4 Devices vector table for
                        MDK-ARM toolchain. 
    5 00000000         ;*                      This module performs:
    6 00000000         ;*                      - Set the initial SP
    7 00000000         ;*                      - Set the initial PC == Reset_Ha
                       ndler
    8 00000000         ;*                      - Set the vector table entries w
                       ith the exceptions ISR address
    9 00000000         ;*                      - Configure the clock system
   10 00000000         ;*                      - Branches to __main in the C li
                       brary (which eventually
   11 00000000         ;*                        calls main()).
   12 00000000         ;*                      After Reset the Cortex-M33 proce
                       ssor is in Thread mode,
   13 00000000         ;*                      priority is Privileged, and the 
                       Stack is set to Main.
   14 00000000         ;*******************************************************
                       *************************
   15 00000000         ;* @attention
   16 00000000         ;*
   17 00000000         ;* All rights reserved.
   18 00000000         ;*******************************************************
                       ************************
   19 00000000         
   20 00000000 00000800 
                       Stack_Size
                               EQU              0x00000800
   21 00000000 00000000 
                       Heap_Size
                               EQU              0x00000000
   22 00000000         
   23 00000000                 AREA             STACK, NOINIT, READWRITE, ALIGN
=3
   24 00000000         Stack_Mem
                               SPACE            Stack_Size
   25 00000800         __initial_sp
   26 00000800         
   27 00000800                 AREA             HEAP, NOINIT, READWRITE, ALIGN=
3
   28 00000000         __heap_base
   29 00000000         Heap_Mem
                               SPACE            Heap_Size
   30 00000000         __heap_limit
   31 00000000         
   32 00000000                 PRESERVE8
   33 00000000                 THUMB
   34 00000000         
   35 00000000         ; Vector Table Mapped to Address 0 at Reset
   36 00000000                 IMPORT           OS_CPU_PendSVHandler
   37 00000000                 IMPORT           Tmr_TickISR_Handler
   38 00000000         
   39 00000000                 AREA             RESET, DATA, READONLY
   40 00000000                 EXPORT           __Vectors
   41 00000000         
   42 00000000         __Vectors
   43 00000000 00000000        DCD              __initial_sp ; Top of Stack



ARM Macro Assembler    Page 2 


   44 00000004 00000000        DCD              Reset_Handler ; Reset Handler
   45 00000008 00000000        DCD              NMI_Handler ; NMI Handler
   46 0000000C 00000000        DCD              HardFault_Handler ; Hard Fault 
                                                            Handler
   47 00000010 00000000        DCD              MemManage_Handler 
                                                            ; MPU Fault Handler
                                                            
   48 00000014 00000000        DCD              BusFault_Handler 
                                                            ; Bus Fault Handler
                                                            
   49 00000018 00000000        DCD              UsageFault_Handler ; Usage Faul
                                                            t Handler
   50 0000001C 00000000        DCD              0           ; Reserved
   51 00000020 00000000        DCD              0           ; Reserved
   52 00000024 00000000        DCD              0           ; Reserved
   53 00000028 00000000        DCD              0           ; Reserved
   54 0000002C 00000000        DCD              0           ; SVCall Handler
   55 00000030 00000000        DCD              DebugMon_Handler ; Debug Monito
                                                            r Handler
   56 00000034 00000000        DCD              0           ; Reserved
   57 00000038 00000000        DCD              OS_CPU_PendSVHandler 
                                                            ; PendSV Handler
   58 0000003C 00000000        DCD              Tmr_TickISR_Handler 
                                                            ; SysTick Handler
   59 00000040         
   60 00000040         ; External Interrupts
   61 00000040 00000000        DCD              WDT_IRQHandler ; 0:  WDT_IRQHan
                                                            dler
   62 00000044 00000000        DCD              RTC_IRQHandler ; 1:  RTC_IRQHan
                                                            dler
   63 00000048 00000000        DCD              EFC_IRQHandler ; 2:  EFC_IRQHan
                                                            dler
   64 0000004C 00000000        DCD              GPIOAB_IRQHandler ; 3:  GPIOAB_
                                                            IRQHandler
   65 00000050 00000000        DCD              GPIOCD_IRQHandler ; 4:  GPIOCD_
                                                            IRQHandler
   66 00000054 00000000        DCD              EXTI_IRQHandler ; 5:  EXTI_IRQH
                                                            andler 
   67 00000058 00000000        DCD              SRAM_PARITY_IRQHandler ; 6:  SR
                                                            AM_PARITY_IRQHandle
                                                            r
   68 0000005C 00000000        DCD              CLKRDY_IRQHandler ; 7:  CLKRDY_
                                                            IRQHandler
   69 00000060 00000000        DCD              UART4_IRQHandler ; 8:  UART4_IR
                                                            QHandler
   70 00000064 00000000        DCD              DMA_IRQHandler ; 9:  DMA_IRQHan
                                                            dler
   71 00000068 00000000        DCD              UART3_IRQHandler ; 10: UART3_IR
                                                            QHandler
   72 0000006C 00000000        DCD              RSV_IRQHandler ; 11: RSV
   73 00000070 00000000        DCD              ADC_IRQHandler ; 12: ADC_IRQHan
                                                            dler
   74 00000074 00000000        DCD              TIM1_BRK_UP_TRG_COM_IRQHandler 
                                                            ; 13: TIM1_BRK_UP_T
                                                            RG_COM_IRQHandler
   75 00000078 00000000        DCD              TIM1_CC_IRQHandler ; 14: TIM1_C
                                                            C_IRQHandler
   76 0000007C 00000000        DCD              TIM2_IRQHandler ; 15: TIM2_IRQH
                                                            andler



ARM Macro Assembler    Page 3 


   77 00000080 00000000        DCD              TIM3_IRQHandler ; 16: TIM3_IRQH
                                                            andler 
   78 00000084 00000000        DCD              TIM6_IRQHandler ; 17: TIM6_IRQH
                                                            andler
   79 00000088 00000000        DCD              TIM7_IRQHandler ; 18: TIM7_IRQH
                                                            andler
   80 0000008C 00000000        DCD              TIM14_IRQHandler ; 19: TIM14_IR
                                                            QHandler
   81 00000090 00000000        DCD              TIM15_IRQHandler ; 20: TIM15_IR
                                                            QHandler
   82 00000094 00000000        DCD              TIM16_IRQHandler ; 21: TIM16_IR
                                                            QHandler
   83 00000098 00000000        DCD              TIM17_IRQHandler ; 22: TIM17_IR
                                                            QHandler
   84 0000009C 00000000        DCD              I2C1_IRQHandler ; 23: I2C1_IRQH
                                                            andler
   85 000000A0 00000000        DCD              I2C2_IRQHandler ; 24: I2C2_IRQH
                                                            andler
   86 000000A4 00000000        DCD              SPI1_IRQHandler ; 25: SPI1_IRQH
                                                            andler
   87 000000A8 00000000        DCD              SPI2_IRQHandler ; 26: SPI2_IRQH
                                                            andler
   88 000000AC 00000000        DCD              UART1_IRQHandler ; 27: UART1_IR
                                                            QHandler
   89 000000B0 00000000        DCD              UART2_IRQHandler ; 28: UART2_IR
                                                            QHandler
   90 000000B4 00000000        DCD              LPUART_IRQHandler ; 29: LPUART_
                                                            IRQHandler
   91 000000B8 00000000        DCD              SPI3_IRQHandler ; 30: SPI3_IRQH
                                                            andler
   92 000000BC 00000000        DCD              AES_IRQHandler ; 31: AES_IRQHan
                                                            dler
   93 000000C0 00000000        DCD              USB_IRQHandler ; 32: USB_IRQHan
                                                            dler
   94 000000C4 00000000        DCD              DAC_IRQHandler ; 33: DAC_IRQHan
                                                            dler
   95 000000C8 00000000        DCD              I2S_IRQHandler ; 34: I2S_IRQHan
                                                            dler
   96 000000CC 00000000        DCD              GPIOEF_IRQHandler ; 35: GPIOEF_
                                                            IRQHandler
   97 000000D0 00000000        DCD              CAN1_IRQHandler ; 36: CAN1_IRQH
                                                            andler
   98 000000D4 00000000        DCD              CAN2_IRQHandler ; 37: CAN2_IRQH
                                                            andler
   99 000000D8 00000000        DCD              FPU_IRQHandler ; 38: FPU_IRQHan
                                                            dler
  100 000000DC 00000000        DCD              TIM4_IRQHandler ; 39: TIM4_IRQH
                                                            andler 
  101 000000E0 00000000        DCD              SPI4_IRQHandler ; 40: SPI4_IRQH
                                                            andler
  102 000000E4                 AREA             |.text|, CODE, READONLY
  103 00000000         
  104 00000000         Reset_Handler
                               PROC
  105 00000000                 EXPORT           Reset_Handler             [WEAK
]
  106 00000000                 IMPORT           System_Core_Config
  107 00000000                 IMPORT           __main
  108 00000000 4806            LDR              R0, =System_Core_Config



ARM Macro Assembler    Page 4 


  109 00000002 4780            BLX              R0
  110 00000004 4806            LDR              R0, =__main
  111 00000006 4700            BX               R0
  112 00000008                 ENDP
  113 00000008         
  114 00000008         
  115 00000008         NMI_Handler
                               PROC
  116 00000008                 EXPORT           NMI_Handler                [WEA
K]
  117 00000008 E7FE            B                .
  118 0000000A                 ENDP
  120 0000000A         HardFault_Handler
                               PROC
  121 0000000A                 EXPORT           HardFault_Handler          [WEA
K]
  122 0000000A E7FE            B                .
  123 0000000C                 ENDP
  125 0000000C         MemManage_Handler
                               PROC
  126 0000000C                 EXPORT           MemManage_Handler          [WEA
K]
  127 0000000C E7FE            B                .
  128 0000000E                 ENDP
  130 0000000E         BusFault_Handler
                               PROC
  131 0000000E                 EXPORT           BusFault_Handler           [WEA
K]
  132 0000000E E7FE            B                .
  133 00000010                 ENDP
  135 00000010         UsageFault_Handler
                               PROC
  136 00000010                 EXPORT           UsageFault_Handler         [WEA
K]
  137 00000010 E7FE            B                .
  138 00000012                 ENDP
  139 00000012         SVC_Handler
                               PROC
  140 00000012                 EXPORT           SVC_Handler                [WEA
K]
  141 00000012 E7FE            B                .
  142 00000014                 ENDP
  144 00000014         DebugMon_Handler
                               PROC
  145 00000014                 EXPORT           DebugMon_Handler           [WEA
K]
  146 00000014 E7FE            B                .
  147 00000016                 ENDP
  148 00000016         PendSV_Handler
                               PROC
  149 00000016                 EXPORT           PendSV_Handler             [WEA
K]
  150 00000016 E7FE            B                .
  151 00000018                 ENDP
  152 00000018         SysTick_Handler
                               PROC
  153 00000018                 EXPORT           SysTick_Handler            [WEA
K]
  154 00000018 E7FE            B                .



ARM Macro Assembler    Page 5 


  155 0000001A                 ENDP
  156 0000001A         
  157 0000001A         Default_Handler
                               PROC
  158 0000001A                 EXPORT           WDT_IRQHandler                 
[WEAK]
  159 0000001A                 EXPORT           RTC_IRQHandler                 
[WEAK]
  160 0000001A                 EXPORT           EFC_IRQHandler                 
[WEAK]
  161 0000001A                 EXPORT           GPIOAB_IRQHandler              
[WEAK]
  162 0000001A                 EXPORT           GPIOCD_IRQHandler              
[WEAK]
  163 0000001A                 EXPORT           EXTI_IRQHandler                
[WEAK]
  164 0000001A                 EXPORT           SRAM_PARITY_IRQHandler         
[WEAK]
  165 0000001A                 EXPORT           CLKRDY_IRQHandler              
[WEAK]
  166 0000001A                 EXPORT           UART4_IRQHandler               
[WEAK]
  167 0000001A                 EXPORT           DMA_IRQHandler                 
[WEAK]
  168 0000001A                 EXPORT           UART3_IRQHandler               
[WEAK]
  169 0000001A                 EXPORT           RSV_IRQHandler                 
[WEAK]
  170 0000001A                 EXPORT           ADC_IRQHandler                 
[WEAK]
  171 0000001A                 EXPORT           TIM1_BRK_UP_TRG_COM_IRQHandler 
[WEAK]
  172 0000001A                 EXPORT           TIM1_CC_IRQHandler             
[WEAK]
  173 0000001A                 EXPORT           TIM2_IRQHandler                
[WEAK]
  174 0000001A                 EXPORT           TIM3_IRQHandler                
[WEAK]
  175 0000001A                 EXPORT           TIM6_IRQHandler                
[WEAK]
  176 0000001A                 EXPORT           TIM7_IRQHandler                
[WEAK]
  177 0000001A                 EXPORT           TIM14_IRQHandler               
[WEAK]
  178 0000001A                 EXPORT           TIM15_IRQHandler               
[WEAK]
  179 0000001A                 EXPORT           TIM16_IRQHandler               
[WEAK]
  180 0000001A                 EXPORT           TIM17_IRQHandler               
[WEAK]
  181 0000001A                 EXPORT           I2C1_IRQHandler                
[WEAK]
  182 0000001A                 EXPORT           I2C2_IRQHandler                
[WEAK]
  183 0000001A                 EXPORT           SPI1_IRQHandler                
[WEAK]
  184 0000001A                 EXPORT           SPI2_IRQHandler                
[WEAK]
  185 0000001A                 EXPORT           UART1_IRQHandler               



ARM Macro Assembler    Page 6 


[WEAK]
  186 0000001A                 EXPORT           UART2_IRQHandler               
[WEAK]
  187 0000001A                 EXPORT           LPUART_IRQHandler              
[WEAK]
  188 0000001A                 EXPORT           SPI3_IRQHandler                
[WEAK]
  189 0000001A                 EXPORT           AES_IRQHandler                 
[WEAK]
  190 0000001A                 EXPORT           USB_IRQHandler                 
[WEAK]
  191 0000001A                 EXPORT           RSV_IRQHandler                 
[WEAK]
  192 0000001A                 EXPORT           DAC_IRQHandler                 
[WEAK]
  193 0000001A                 EXPORT           I2S_IRQHandler                 
[WEAK]
  194 0000001A                 EXPORT           GPIOEF_IRQHandler              
[WEAK]
  195 0000001A                 EXPORT           CAN1_IRQHandler                
[WEAK]
  196 0000001A                 EXPORT           CAN2_IRQHandler                
[WEAK]
  197 0000001A                 EXPORT           FPU_IRQHandler                 
[WEAK]
  198 0000001A                 EXPORT           TIM4_IRQHandler                
[WEAK]
  199 0000001A                 EXPORT           SPI4_IRQHandler                
[WEAK]
  200 0000001A         WDT_IRQHandler
  201 0000001A         RTC_IRQHandler
  202 0000001A         EFC_IRQHandler
  203 0000001A         GPIOAB_IRQHandler
  204 0000001A         GPIOCD_IRQHandler
  205 0000001A         EXTI_IRQHandler
  206 0000001A         SRAM_PARITY_IRQHandler
  207 0000001A         CLKRDY_IRQHandler
  208 0000001A         UART4_IRQHandler
  209 0000001A         DMA_IRQHandler
  210 0000001A         UART3_IRQHandler
  211 0000001A         ADC_IRQHandler
  212 0000001A         TIM1_BRK_UP_TRG_COM_IRQHandler
  213 0000001A         TIM1_CC_IRQHandler
  214 0000001A         TIM2_IRQHandler
  215 0000001A         TIM3_IRQHandler
  216 0000001A         TIM6_IRQHandler
  217 0000001A         TIM7_IRQHandler
  218 0000001A         TIM14_IRQHandler
  219 0000001A         TIM15_IRQHandler
  220 0000001A         TIM16_IRQHandler
  221 0000001A         TIM17_IRQHandler
  222 0000001A         I2C1_IRQHandler
  223 0000001A         I2C2_IRQHandler
  224 0000001A         SPI1_IRQHandler
  225 0000001A         SPI2_IRQHandler
  226 0000001A         UART1_IRQHandler
  227 0000001A         UART2_IRQHandler
  228 0000001A         LPUART_IRQHandler
  229 0000001A         SPI3_IRQHandler



ARM Macro Assembler    Page 7 


  230 0000001A         AES_IRQHandler
  231 0000001A         USB_IRQHandler
  232 0000001A         RSV_IRQHandler
  233 0000001A         DAC_IRQHandler
  234 0000001A         I2S_IRQHandler
  235 0000001A         GPIOEF_IRQHandler
  236 0000001A         CAN1_IRQHandler
  237 0000001A         CAN2_IRQHandler
  238 0000001A         FPU_IRQHandler
  239 0000001A         TIM4_IRQHandler
  240 0000001A         SPI4_IRQHandler
  241 0000001A         
  242 0000001A E7FE            B                .
  243 0000001C         
  244 0000001C                 ENDP
  245 0000001C         
  246 0000001C                 ALIGN
  247 0000001C         ;*******************************************************
                       ************************
  248 0000001C         ; User Stack and Heap initialization
  249 0000001C         ;*******************************************************
                       ************************
  250 0000001C         
  251 0000001C                 IF               :DEF:__MICROLIB
  252 0000001C         
  253 0000001C                 EXPORT           __initial_sp
  254 0000001C                 EXPORT           __heap_base
  255 0000001C                 EXPORT           __heap_limit
  256 0000001C         
  257 0000001C                 ELSE
  271                          ENDIF
  272 0000001C         
  273 0000001C                 END
              00000000 
              00000000 
Command Line: --debug --xref --diag_suppress=9931 --cpu=Cortex-M33 --fpu=FPv5-S
P --depend=.\objects\startup_acm32f4.d -o.\objects\startup_acm32f4.o -ID:\Keil_
v5\Arm\Packs\ARM\CMSIS\5.7.0\Device\ARM\ARMCM33\Include -ID:\Keil_v5\ARM\CMSIS\
Include --predefine="__MICROLIB SETA 1" --predefine="__UVISION_VERSION SETA 533
" --predefine="ARMCM33_DSP_FP SETA 1" --list=.\listings\startup_acm32f4.lst ..\
Core_Drivers\Device\Startup_ACM32F4.s



ARM Macro Assembler    Page 1 Alphabetic symbol ordering
Relocatable symbols

STACK 00000000

Symbol: STACK
   Definitions
      At line 23 in file ..\Core_Drivers\Device\Startup_ACM32F4.s
   Uses
      None
Comment: STACK unused
Stack_Mem 00000000

Symbol: Stack_Mem
   Definitions
      At line 24 in file ..\Core_Drivers\Device\Startup_ACM32F4.s
   Uses
      None
Comment: Stack_Mem unused
__initial_sp 00000800

Symbol: __initial_sp
   Definitions
      At line 25 in file ..\Core_Drivers\Device\Startup_ACM32F4.s
   Uses
      At line 43 in file ..\Core_Drivers\Device\Startup_ACM32F4.s
      At line 253 in file ..\Core_Drivers\Device\Startup_ACM32F4.s

3 symbols



ARM Macro Assembler    Page 1 Alphabetic symbol ordering
Relocatable symbols

HEAP 00000000

Symbol: HEAP
   Definitions
      At line 27 in file ..\Core_Drivers\Device\Startup_ACM32F4.s
   Uses
      None
Comment: HEAP unused
Heap_Mem 00000000

Symbol: Heap_Mem
   Definitions
      At line 29 in file ..\Core_Drivers\Device\Startup_ACM32F4.s
   Uses
      None
Comment: Heap_Mem unused
__heap_base 00000000

Symbol: __heap_base
   Definitions
      At line 28 in file ..\Core_Drivers\Device\Startup_ACM32F4.s
   Uses
      At line 254 in file ..\Core_Drivers\Device\Startup_ACM32F4.s
Comment: __heap_base used once
__heap_limit 00000000

Symbol: __heap_limit
   Definitions
      At line 30 in file ..\Core_Drivers\Device\Startup_ACM32F4.s
   Uses
      At line 255 in file ..\Core_Drivers\Device\Startup_ACM32F4.s
Comment: __heap_limit used once
4 symbols



ARM Macro Assembler    Page 1 Alphabetic symbol ordering
Relocatable symbols

RESET 00000000

Symbol: RESET
   Definitions
      At line 39 in file ..\Core_Drivers\Device\Startup_ACM32F4.s
   Uses
      None
Comment: RESET unused
__Vectors 00000000

Symbol: __Vectors
   Definitions
      At line 42 in file ..\Core_Drivers\Device\Startup_ACM32F4.s
   Uses
      At line 40 in file ..\Core_Drivers\Device\Startup_ACM32F4.s
Comment: __Vectors used once
2 symbols



ARM Macro Assembler    Page 1 Alphabetic symbol ordering
Relocatable symbols

.text 00000000

Symbol: .text
   Definitions
      At line 102 in file ..\Core_Drivers\Device\Startup_ACM32F4.s
   Uses
      None
Comment: .text unused
ADC_IRQHandler 0000001A

Symbol: ADC_IRQHandler
   Definitions
      At line 211 in file ..\Core_Drivers\Device\Startup_ACM32F4.s
   Uses
      At line 73 in file ..\Core_Drivers\Device\Startup_ACM32F4.s
      At line 170 in file ..\Core_Drivers\Device\Startup_ACM32F4.s

AES_IRQHandler 0000001A

Symbol: AES_IRQHandler
   Definitions
      At line 230 in file ..\Core_Drivers\Device\Startup_ACM32F4.s
   Uses
      At line 92 in file ..\Core_Drivers\Device\Startup_ACM32F4.s
      At line 189 in file ..\Core_Drivers\Device\Startup_ACM32F4.s

BusFault_Handler 0000000E

Symbol: BusFault_Handler
   Definitions
      At line 130 in file ..\Core_Drivers\Device\Startup_ACM32F4.s
   Uses
      At line 48 in file ..\Core_Drivers\Device\Startup_ACM32F4.s
      At line 131 in file ..\Core_Drivers\Device\Startup_ACM32F4.s

CAN1_IRQHandler 0000001A

Symbol: CAN1_IRQHandler
   Definitions
      At line 236 in file ..\Core_Drivers\Device\Startup_ACM32F4.s
   Uses
      At line 97 in file ..\Core_Drivers\Device\Startup_ACM32F4.s
      At line 195 in file ..\Core_Drivers\Device\Startup_ACM32F4.s

CAN2_IRQHandler 0000001A

Symbol: CAN2_IRQHandler
   Definitions
      At line 237 in file ..\Core_Drivers\Device\Startup_ACM32F4.s
   Uses
      At line 98 in file ..\Core_Drivers\Device\Startup_ACM32F4.s
      At line 196 in file ..\Core_Drivers\Device\Startup_ACM32F4.s

CLKRDY_IRQHandler 0000001A

Symbol: CLKRDY_IRQHandler
   Definitions
      At line 207 in file ..\Core_Drivers\Device\Startup_ACM32F4.s
   Uses



ARM Macro Assembler    Page 2 Alphabetic symbol ordering
Relocatable symbols

      At line 68 in file ..\Core_Drivers\Device\Startup_ACM32F4.s
      At line 165 in file ..\Core_Drivers\Device\Startup_ACM32F4.s

DAC_IRQHandler 0000001A

Symbol: DAC_IRQHandler
   Definitions
      At line 233 in file ..\Core_Drivers\Device\Startup_ACM32F4.s
   Uses
      At line 94 in file ..\Core_Drivers\Device\Startup_ACM32F4.s
      At line 192 in file ..\Core_Drivers\Device\Startup_ACM32F4.s

DMA_IRQHandler 0000001A

Symbol: DMA_IRQHandler
   Definitions
      At line 209 in file ..\Core_Drivers\Device\Startup_ACM32F4.s
   Uses
      At line 70 in file ..\Core_Drivers\Device\Startup_ACM32F4.s
      At line 167 in file ..\Core_Drivers\Device\Startup_ACM32F4.s

DebugMon_Handler 00000014

Symbol: DebugMon_Handler
   Definitions
      At line 144 in file ..\Core_Drivers\Device\Startup_ACM32F4.s
   Uses
      At line 55 in file ..\Core_Drivers\Device\Startup_ACM32F4.s
      At line 145 in file ..\Core_Drivers\Device\Startup_ACM32F4.s

Default_Handler 0000001A

Symbol: Default_Handler
   Definitions
      At line 157 in file ..\Core_Drivers\Device\Startup_ACM32F4.s
   Uses
      None
Comment: Default_Handler unused
EFC_IRQHandler 0000001A

Symbol: EFC_IRQHandler
   Definitions
      At line 202 in file ..\Core_Drivers\Device\Startup_ACM32F4.s
   Uses
      At line 63 in file ..\Core_Drivers\Device\Startup_ACM32F4.s
      At line 160 in file ..\Core_Drivers\Device\Startup_ACM32F4.s

EXTI_IRQHandler 0000001A

Symbol: EXTI_IRQHandler
   Definitions
      At line 205 in file ..\Core_Drivers\Device\Startup_ACM32F4.s
   Uses
      At line 66 in file ..\Core_Drivers\Device\Startup_ACM32F4.s
      At line 163 in file ..\Core_Drivers\Device\Startup_ACM32F4.s

FPU_IRQHandler 0000001A

Symbol: FPU_IRQHandler



ARM Macro Assembler    Page 3 Alphabetic symbol ordering
Relocatable symbols

   Definitions
      At line 238 in file ..\Core_Drivers\Device\Startup_ACM32F4.s
   Uses
      At line 99 in file ..\Core_Drivers\Device\Startup_ACM32F4.s
      At line 197 in file ..\Core_Drivers\Device\Startup_ACM32F4.s

GPIOAB_IRQHandler 0000001A

Symbol: GPIOAB_IRQHandler
   Definitions
      At line 203 in file ..\Core_Drivers\Device\Startup_ACM32F4.s
   Uses
      At line 64 in file ..\Core_Drivers\Device\Startup_ACM32F4.s
      At line 161 in file ..\Core_Drivers\Device\Startup_ACM32F4.s

GPIOCD_IRQHandler 0000001A

Symbol: GPIOCD_IRQHandler
   Definitions
      At line 204 in file ..\Core_Drivers\Device\Startup_ACM32F4.s
   Uses
      At line 65 in file ..\Core_Drivers\Device\Startup_ACM32F4.s
      At line 162 in file ..\Core_Drivers\Device\Startup_ACM32F4.s

GPIOEF_IRQHandler 0000001A

Symbol: GPIOEF_IRQHandler
   Definitions
      At line 235 in file ..\Core_Drivers\Device\Startup_ACM32F4.s
   Uses
      At line 96 in file ..\Core_Drivers\Device\Startup_ACM32F4.s
      At line 194 in file ..\Core_Drivers\Device\Startup_ACM32F4.s

HardFault_Handler 0000000A

Symbol: HardFault_Handler
   Definitions
      At line 120 in file ..\Core_Drivers\Device\Startup_ACM32F4.s
   Uses
      At line 46 in file ..\Core_Drivers\Device\Startup_ACM32F4.s
      At line 121 in file ..\Core_Drivers\Device\Startup_ACM32F4.s

I2C1_IRQHandler 0000001A

Symbol: I2C1_IRQHandler
   Definitions
      At line 222 in file ..\Core_Drivers\Device\Startup_ACM32F4.s
   Uses
      At line 84 in file ..\Core_Drivers\Device\Startup_ACM32F4.s
      At line 181 in file ..\Core_Drivers\Device\Startup_ACM32F4.s

I2C2_IRQHandler 0000001A

Symbol: I2C2_IRQHandler
   Definitions
      At line 223 in file ..\Core_Drivers\Device\Startup_ACM32F4.s
   Uses
      At line 85 in file ..\Core_Drivers\Device\Startup_ACM32F4.s
      At line 182 in file ..\Core_Drivers\Device\Startup_ACM32F4.s



ARM Macro Assembler    Page 4 Alphabetic symbol ordering
Relocatable symbols


I2S_IRQHandler 0000001A

Symbol: I2S_IRQHandler
   Definitions
      At line 234 in file ..\Core_Drivers\Device\Startup_ACM32F4.s
   Uses
      At line 95 in file ..\Core_Drivers\Device\Startup_ACM32F4.s
      At line 193 in file ..\Core_Drivers\Device\Startup_ACM32F4.s

LPUART_IRQHandler 0000001A

Symbol: LPUART_IRQHandler
   Definitions
      At line 228 in file ..\Core_Drivers\Device\Startup_ACM32F4.s
   Uses
      At line 90 in file ..\Core_Drivers\Device\Startup_ACM32F4.s
      At line 187 in file ..\Core_Drivers\Device\Startup_ACM32F4.s

MemManage_Handler 0000000C

Symbol: MemManage_Handler
   Definitions
      At line 125 in file ..\Core_Drivers\Device\Startup_ACM32F4.s
   Uses
      At line 47 in file ..\Core_Drivers\Device\Startup_ACM32F4.s
      At line 126 in file ..\Core_Drivers\Device\Startup_ACM32F4.s

NMI_Handler 00000008

Symbol: NMI_Handler
   Definitions
      At line 115 in file ..\Core_Drivers\Device\Startup_ACM32F4.s
   Uses
      At line 45 in file ..\Core_Drivers\Device\Startup_ACM32F4.s
      At line 116 in file ..\Core_Drivers\Device\Startup_ACM32F4.s

PendSV_Handler 00000016

Symbol: PendSV_Handler
   Definitions
      At line 148 in file ..\Core_Drivers\Device\Startup_ACM32F4.s
   Uses
      At line 149 in file ..\Core_Drivers\Device\Startup_ACM32F4.s
Comment: PendSV_Handler used once
RSV_IRQHandler 0000001A

Symbol: RSV_IRQHandler
   Definitions
      At line 232 in file ..\Core_Drivers\Device\Startup_ACM32F4.s
   Uses
      At line 72 in file ..\Core_Drivers\Device\Startup_ACM32F4.s
      At line 169 in file ..\Core_Drivers\Device\Startup_ACM32F4.s
      At line 191 in file ..\Core_Drivers\Device\Startup_ACM32F4.s

RTC_IRQHandler 0000001A

Symbol: RTC_IRQHandler
   Definitions



ARM Macro Assembler    Page 5 Alphabetic symbol ordering
Relocatable symbols

      At line 201 in file ..\Core_Drivers\Device\Startup_ACM32F4.s
   Uses
      At line 62 in file ..\Core_Drivers\Device\Startup_ACM32F4.s
      At line 159 in file ..\Core_Drivers\Device\Startup_ACM32F4.s

Reset_Handler 00000000

Symbol: Reset_Handler
   Definitions
      At line 104 in file ..\Core_Drivers\Device\Startup_ACM32F4.s
   Uses
      At line 44 in file ..\Core_Drivers\Device\Startup_ACM32F4.s
      At line 105 in file ..\Core_Drivers\Device\Startup_ACM32F4.s

SPI1_IRQHandler 0000001A

Symbol: SPI1_IRQHandler
   Definitions
      At line 224 in file ..\Core_Drivers\Device\Startup_ACM32F4.s
   Uses
      At line 86 in file ..\Core_Drivers\Device\Startup_ACM32F4.s
      At line 183 in file ..\Core_Drivers\Device\Startup_ACM32F4.s

SPI2_IRQHandler 0000001A

Symbol: SPI2_IRQHandler
   Definitions
      At line 225 in file ..\Core_Drivers\Device\Startup_ACM32F4.s
   Uses
      At line 87 in file ..\Core_Drivers\Device\Startup_ACM32F4.s
      At line 184 in file ..\Core_Drivers\Device\Startup_ACM32F4.s

SPI3_IRQHandler 0000001A

Symbol: SPI3_IRQHandler
   Definitions
      At line 229 in file ..\Core_Drivers\Device\Startup_ACM32F4.s
   Uses
      At line 91 in file ..\Core_Drivers\Device\Startup_ACM32F4.s
      At line 188 in file ..\Core_Drivers\Device\Startup_ACM32F4.s

SPI4_IRQHandler 0000001A

Symbol: SPI4_IRQHandler
   Definitions
      At line 240 in file ..\Core_Drivers\Device\Startup_ACM32F4.s
   Uses
      At line 101 in file ..\Core_Drivers\Device\Startup_ACM32F4.s
      At line 199 in file ..\Core_Drivers\Device\Startup_ACM32F4.s

SRAM_PARITY_IRQHandler 0000001A

Symbol: SRAM_PARITY_IRQHandler
   Definitions
      At line 206 in file ..\Core_Drivers\Device\Startup_ACM32F4.s
   Uses
      At line 67 in file ..\Core_Drivers\Device\Startup_ACM32F4.s
      At line 164 in file ..\Core_Drivers\Device\Startup_ACM32F4.s




ARM Macro Assembler    Page 6 Alphabetic symbol ordering
Relocatable symbols

SVC_Handler 00000012

Symbol: SVC_Handler
   Definitions
      At line 139 in file ..\Core_Drivers\Device\Startup_ACM32F4.s
   Uses
      At line 140 in file ..\Core_Drivers\Device\Startup_ACM32F4.s
Comment: SVC_Handler used once
SysTick_Handler 00000018

Symbol: SysTick_Handler
   Definitions
      At line 152 in file ..\Core_Drivers\Device\Startup_ACM32F4.s
   Uses
      At line 153 in file ..\Core_Drivers\Device\Startup_ACM32F4.s
Comment: SysTick_Handler used once
TIM14_IRQHandler 0000001A

Symbol: TIM14_IRQHandler
   Definitions
      At line 218 in file ..\Core_Drivers\Device\Startup_ACM32F4.s
   Uses
      At line 80 in file ..\Core_Drivers\Device\Startup_ACM32F4.s
      At line 177 in file ..\Core_Drivers\Device\Startup_ACM32F4.s

TIM15_IRQHandler 0000001A

Symbol: TIM15_IRQHandler
   Definitions
      At line 219 in file ..\Core_Drivers\Device\Startup_ACM32F4.s
   Uses
      At line 81 in file ..\Core_Drivers\Device\Startup_ACM32F4.s
      At line 178 in file ..\Core_Drivers\Device\Startup_ACM32F4.s

TIM16_IRQHandler 0000001A

Symbol: TIM16_IRQHandler
   Definitions
      At line 220 in file ..\Core_Drivers\Device\Startup_ACM32F4.s
   Uses
      At line 82 in file ..\Core_Drivers\Device\Startup_ACM32F4.s
      At line 179 in file ..\Core_Drivers\Device\Startup_ACM32F4.s

TIM17_IRQHandler 0000001A

Symbol: TIM17_IRQHandler
   Definitions
      At line 221 in file ..\Core_Drivers\Device\Startup_ACM32F4.s
   Uses
      At line 83 in file ..\Core_Drivers\Device\Startup_ACM32F4.s
      At line 180 in file ..\Core_Drivers\Device\Startup_ACM32F4.s

TIM1_BRK_UP_TRG_COM_IRQHandler 0000001A

Symbol: TIM1_BRK_UP_TRG_COM_IRQHandler
   Definitions
      At line 212 in file ..\Core_Drivers\Device\Startup_ACM32F4.s
   Uses
      At line 74 in file ..\Core_Drivers\Device\Startup_ACM32F4.s



ARM Macro Assembler    Page 7 Alphabetic symbol ordering
Relocatable symbols

      At line 171 in file ..\Core_Drivers\Device\Startup_ACM32F4.s

TIM1_CC_IRQHandler 0000001A

Symbol: TIM1_CC_IRQHandler
   Definitions
      At line 213 in file ..\Core_Drivers\Device\Startup_ACM32F4.s
   Uses
      At line 75 in file ..\Core_Drivers\Device\Startup_ACM32F4.s
      At line 172 in file ..\Core_Drivers\Device\Startup_ACM32F4.s

TIM2_IRQHandler 0000001A

Symbol: TIM2_IRQHandler
   Definitions
      At line 214 in file ..\Core_Drivers\Device\Startup_ACM32F4.s
   Uses
      At line 76 in file ..\Core_Drivers\Device\Startup_ACM32F4.s
      At line 173 in file ..\Core_Drivers\Device\Startup_ACM32F4.s

TIM3_IRQHandler 0000001A

Symbol: TIM3_IRQHandler
   Definitions
      At line 215 in file ..\Core_Drivers\Device\Startup_ACM32F4.s
   Uses
      At line 77 in file ..\Core_Drivers\Device\Startup_ACM32F4.s
      At line 174 in file ..\Core_Drivers\Device\Startup_ACM32F4.s

TIM4_IRQHandler 0000001A

Symbol: TIM4_IRQHandler
   Definitions
      At line 239 in file ..\Core_Drivers\Device\Startup_ACM32F4.s
   Uses
      At line 100 in file ..\Core_Drivers\Device\Startup_ACM32F4.s
      At line 198 in file ..\Core_Drivers\Device\Startup_ACM32F4.s

TIM6_IRQHandler 0000001A

Symbol: TIM6_IRQHandler
   Definitions
      At line 216 in file ..\Core_Drivers\Device\Startup_ACM32F4.s
   Uses
      At line 78 in file ..\Core_Drivers\Device\Startup_ACM32F4.s
      At line 175 in file ..\Core_Drivers\Device\Startup_ACM32F4.s

TIM7_IRQHandler 0000001A

Symbol: TIM7_IRQHandler
   Definitions
      At line 217 in file ..\Core_Drivers\Device\Startup_ACM32F4.s
   Uses
      At line 79 in file ..\Core_Drivers\Device\Startup_ACM32F4.s
      At line 176 in file ..\Core_Drivers\Device\Startup_ACM32F4.s

UART1_IRQHandler 0000001A

Symbol: UART1_IRQHandler



ARM Macro Assembler    Page 8 Alphabetic symbol ordering
Relocatable symbols

   Definitions
      At line 226 in file ..\Core_Drivers\Device\Startup_ACM32F4.s
   Uses
      At line 88 in file ..\Core_Drivers\Device\Startup_ACM32F4.s
      At line 185 in file ..\Core_Drivers\Device\Startup_ACM32F4.s

UART2_IRQHandler 0000001A

Symbol: UART2_IRQHandler
   Definitions
      At line 227 in file ..\Core_Drivers\Device\Startup_ACM32F4.s
   Uses
      At line 89 in file ..\Core_Drivers\Device\Startup_ACM32F4.s
      At line 186 in file ..\Core_Drivers\Device\Startup_ACM32F4.s

UART3_IRQHandler 0000001A

Symbol: UART3_IRQHandler
   Definitions
      At line 210 in file ..\Core_Drivers\Device\Startup_ACM32F4.s
   Uses
      At line 71 in file ..\Core_Drivers\Device\Startup_ACM32F4.s
      At line 168 in file ..\Core_Drivers\Device\Startup_ACM32F4.s

UART4_IRQHandler 0000001A

Symbol: UART4_IRQHandler
   Definitions
      At line 208 in file ..\Core_Drivers\Device\Startup_ACM32F4.s
   Uses
      At line 69 in file ..\Core_Drivers\Device\Startup_ACM32F4.s
      At line 166 in file ..\Core_Drivers\Device\Startup_ACM32F4.s

USB_IRQHandler 0000001A

Symbol: USB_IRQHandler
   Definitions
      At line 231 in file ..\Core_Drivers\Device\Startup_ACM32F4.s
   Uses
      At line 93 in file ..\Core_Drivers\Device\Startup_ACM32F4.s
      At line 190 in file ..\Core_Drivers\Device\Startup_ACM32F4.s

UsageFault_Handler 00000010

Symbol: UsageFault_Handler
   Definitions
      At line 135 in file ..\Core_Drivers\Device\Startup_ACM32F4.s
   Uses
      At line 49 in file ..\Core_Drivers\Device\Startup_ACM32F4.s
      At line 136 in file ..\Core_Drivers\Device\Startup_ACM32F4.s

WDT_IRQHandler 0000001A

Symbol: WDT_IRQHandler
   Definitions
      At line 200 in file ..\Core_Drivers\Device\Startup_ACM32F4.s
   Uses
      At line 61 in file ..\Core_Drivers\Device\Startup_ACM32F4.s
      At line 158 in file ..\Core_Drivers\Device\Startup_ACM32F4.s



ARM Macro Assembler    Page 9 Alphabetic symbol ordering
Relocatable symbols


53 symbols



ARM Macro Assembler    Page 1 Alphabetic symbol ordering
Absolute symbols

Heap_Size 00000000

Symbol: Heap_Size
   Definitions
      At line 21 in file ..\Core_Drivers\Device\Startup_ACM32F4.s
   Uses
      At line 29 in file ..\Core_Drivers\Device\Startup_ACM32F4.s
Comment: Heap_Size used once
Stack_Size 00000800

Symbol: Stack_Size
   Definitions
      At line 20 in file ..\Core_Drivers\Device\Startup_ACM32F4.s
   Uses
      At line 24 in file ..\Core_Drivers\Device\Startup_ACM32F4.s
Comment: Stack_Size used once
2 symbols



ARM Macro Assembler    Page 1 Alphabetic symbol ordering
External symbols

OS_CPU_PendSVHandler 00000000

Symbol: OS_CPU_PendSVHandler
   Definitions
      At line 36 in file ..\Core_Drivers\Device\Startup_ACM32F4.s
   Uses
      At line 57 in file ..\Core_Drivers\Device\Startup_ACM32F4.s
Comment: OS_CPU_PendSVHandler used once
System_Core_Config 00000000

Symbol: System_Core_Config
   Definitions
      At line 106 in file ..\Core_Drivers\Device\Startup_ACM32F4.s
   Uses
      At line 108 in file ..\Core_Drivers\Device\Startup_ACM32F4.s
Comment: System_Core_Config used once
Tmr_TickISR_Handler 00000000

Symbol: Tmr_TickISR_Handler
   Definitions
      At line 37 in file ..\Core_Drivers\Device\Startup_ACM32F4.s
   Uses
      At line 58 in file ..\Core_Drivers\Device\Startup_ACM32F4.s
Comment: Tmr_TickISR_Handler used once
__main 00000000

Symbol: __main
   Definitions
      At line 107 in file ..\Core_Drivers\Device\Startup_ACM32F4.s
   Uses
      At line 110 in file ..\Core_Drivers\Device\Startup_ACM32F4.s
Comment: __main used once
4 symbols
404 symbols in table
